<?xml version="1.0" encoding="UTF-8" ?>
<testsuites>
  <testsuite errors="0" failures="0" hostname="skorpios" id="0" name="FuncionConstanteTest" package="untref.aydoo.graficadorDeFunciones.tests" tests="2" time="0.161" timestamp="2014-04-28T00:04:43">
      <properties>
[...]
</properties>

      <testcase classname="untref.aydoo.graficadorDeFunciones.tests.FuncionConstanteTest" name="analizarEnDeberiaRetornar3CuandoConstanteEs3" time="0.023" />

      <testcase classname="untref.aydoo.graficadorDeFunciones.tests.FuncionConstanteTest" name="analizarEnDeberiaRetornar2CuandoConstanteEs2" time="0.0" />

      <system-out />

      <system-err />

  </testsuite>
  <testsuite errors="0" failures="0" hostname="skorpios" id="1" name="FuncionCuadraticaTest" package="untref.aydoo.graficadorDeFunciones.tests" tests="2" time="0.015" timestamp="2014-04-28T00:04:43">
      <properties>
[...]
</properties>

      <testcase classname="untref.aydoo.graficadorDeFunciones.tests.FuncionCuadraticaTest" name="analizarEn2DeberiaRetornar1CuandoA0B0C1" time="0.001" />

      <testcase classname="untref.aydoo.graficadorDeFunciones.tests.FuncionCuadraticaTest" name="analizarEn2DeberiaRetornar7CuandoA1B1C1" time="0.0" />

      <system-out />

      <system-err />

  </testsuite>
  <testsuite errors="0" failures="0" hostname="skorpios" id="2" name="FuncionCubicaTest" package="untref.aydoo.graficadorDeFunciones.tests" tests="2" time="0.016" timestamp="2014-04-28T00:04:43">
      <properties>
[...]
</properties>

      <testcase classname="untref.aydoo.graficadorDeFunciones.tests.FuncionCubicaTest" name="analizarEn2DeberiaRetornar1CuandoA0B0C1" time="0.01" />

      <testcase classname="untref.aydoo.graficadorDeFunciones.tests.FuncionCubicaTest" name="analizarEn2DeberiaRetornar15CuandoA1B1C1" time="0.0" />

      <system-out />

      <system-err />

  </testsuite>
  <testsuite errors="0" failures="0" hostname="skorpios" id="3" name="FuncionLinealTest" package="untref.aydoo.graficadorDeFunciones.tests" tests="2" time="0.009" timestamp="2014-04-28T00:04:43">
      <properties>
[...]
</properties>

      <testcase classname="untref.aydoo.graficadorDeFunciones.tests.FuncionLinealTest" name="analizarEn4DeberiaRetornar14CuandoAEs3YBEs2" time="0.002" />

      <testcase classname="untref.aydoo.graficadorDeFunciones.tests.FuncionLinealTest" name="analizarEn8DeberiaRetornar19CuandoAEs3YBEs2" time="0.001" />

      <system-out />

      <system-err />

  </testsuite>
</testsuites>
